<?xml version="1.0" encoding="UTF-8"?>
<!-- Generated by org.testng.reporters.JUnitReportReporter -->
<testsuite hostname="ASCENDI-7DADHG2" failures="0" tests="1" name="pac1.TC009_TestNG" time="0.003" errors="0" timestamp="2025-10-15T10:11:00 IST" skipped="0">
  <testcase classname="pac1.TC009_TestNG" name="f" time="0.003"/>
  <system-out/>
</testsuite> <!-- pac1.TC009_TestNG -->
