<?xml version="1.0" encoding="UTF-8"?>
<!-- Generated by org.testng.reporters.JUnitReportReporter -->
<testsuite hostname="ASCENDI-7DADHG2" failures="0" tests="4" name="pac1.TC0010_priority" time="0.033" errors="0" timestamp="2025-10-15T10:56:06 IST" skipped="0">
  <testcase classname="pac1.TC0010_priority" name="zohotest" time="0.025"/>
  <system-out/>
  <testcase classname="pac1.TC0010_priority" name="amazontest" time="0.002"/>
  <system-out/>
  <testcase classname="pac1.TC0010_priority" name="yahootest" time="0.003"/>
  <system-out/>
  <testcase classname="pac1.TC0010_priority" name="aaaa" time="0.003"/>
  <system-out/>
</testsuite> <!-- pac1.TC0010_priority -->
