<?xml version="1.0" encoding="UTF-8"?>
<!-- Generated by org.testng.reporters.JUnitReportReporter -->
<testsuite hostname="ASCENDI-7DADHG2" failures="0" tests="2" name="pac1.TC008_TestNG" time="18.075" errors="0" timestamp="2025-10-14T15:06:32 IST" skipped="0">
  <testcase classname="pac1.TC008_TestNG" name="f" time="9.639"/>
  <system-out/>
  <testcase classname="pac1.TC008_TestNG" name="f" time="8.436"/>
  <system-out/>
</testsuite> <!-- pac1.TC008_TestNG -->
