<?xml version="1.0" encoding="UTF-8"?>
<!-- Generated by org.testng.reporters.JUnitReportReporter -->
<testsuite hostname="ASCENDI-7DADHG2" failures="0" tests="2" name="pac1.Lab9_TestNG" time="63.908" errors="0" timestamp="2025-10-16T10:12:09 IST" skipped="0">
  <testcase classname="pac1.Lab9_TestNG" name="testOnEdge" time="41.019"/>
  <system-out/>
  <testcase classname="pac1.Lab9_TestNG" name="testOnChrome" time="22.889"/>
  <system-out/>
</testsuite> <!-- pac1.Lab9_TestNG -->
